2019/11/17 10:32:57 {"callers":["/Users/eddycjy/go-programming-tour-book/blog-service/main.go: 21 main.init.0"],"level":"error","message":"Key: 'TagParam.ID' Error:Field validation for 'ID' failed on the 'gte' tag","time":1573957977485951000}
2019/11/17 11:07:25 {"callers":["/Users/eddycjy/go-programming-tour-book/blog-service/main.go: 25 main.init.0"],"level":"error","message":"Key: 'TagParam.State' Error:Field validation for 'State' failed on the 'oneof' tag","time":1573960045407182000}
2019/11/17 11:07:29 {"callers":["/Users/eddycjy/go-programming-tour-book/blog-service/main.go: 25 main.init.0"],"level":"error","message":"Key: 'TagParam.State' Error:Field validation for 'State' failed on the 'oneof' tag","time":1573960049015512000}
2019/11/17 11:07:30 {"callers":["/Users/eddycjy/go-programming-tour-book/blog-service/main.go: 25 main.init.0"],"level":"error","message":"Key: 'TagParam.State' Error:Field validation for 'State' failed on the 'oneof' tag","time":1573960050550544000}
2019/11/17 11:16:39 {"callers":["/Users/eddycjy/go-programming-tour-book/blog-service/main.go: 25 main.init.0"],"level":"error","message":"strconv.ParseUint: parsing \"555555555555555555555555555555555555555555555\": value out of range","time":1573960599834544000}
2019/11/17 11:16:43 {"callers":["/Users/eddycjy/go-programming-tour-book/blog-service/main.go: 25 main.init.0"],"level":"error","message":"Key: 'TagParam.State' Error:Field validation for 'State' failed on the 'oneof' tag","time":1573960603902031000}
2019/11/17 11:16:45 {"callers":["/Users/eddycjy/go-programming-tour-book/blog-service/main.go: 25 main.init.0"],"level":"error","message":"Key: 'TagParam.State' Error:Field validation for 'State' failed on the 'oneof' tag","time":1573960605414406000}
2019/11/17 11:26:24 {"callers":["/Users/eddycjy/go-programming-tour-book/blog-service/main.go: 25 main.init.0"],"level":"error","message":"Key: 'TagParam.State' Error:Field validation for 'State' failed on the 'oneof' tag","time":1573961184355845000}
2019/11/17 11:26:25 {"callers":["/Users/eddycjy/go-programming-tour-book/blog-service/main.go: 25 main.init.0"],"level":"error","message":"Key: 'TagParam.State' Error:Field validation for 'State' failed on the 'oneof' tag","time":1573961185908561000}
2019/11/17 11:26:27 {"callers":["/Users/eddycjy/go-programming-tour-book/blog-service/main.go: 25 main.init.0"],"level":"error","message":"Key: 'TagParam.State' Error:Field validation for 'State' failed on the 'oneof' tag","time":1573961187754802000}
2019/11/17 11:26:30 {"callers":["/Users/eddycjy/go-programming-tour-book/blog-service/main.go: 25 main.init.0"],"level":"error","message":"Key: 'TagParam.State' Error:Field validation for 'State' failed on the 'oneof' tag","time":1573961190337577000}
2019/11/17 11:49:41 {"callers":["/Users/eddycjy/go-programming-tour-book/blog-service/main.go: 25 main.init.0"],"level":"error","message":"Key: 'TagParam.State' Error:Field validation for 'State' failed on the 'oneof' tag","time":1573962581141118000}
2019/11/17 11:50:08 {"callers":["/Users/eddycjy/go-programming-tour-book/blog-service/main.go: 24 main.init.0"],"level":"error","message":"Key: 'TagListParam.State' Error:Field validation for 'State' failed on the 'oneof' tag","time":1573962608051107000}
2019/11/17 11:50:20 {"callers":["/Users/eddycjy/go-programming-tour-book/blog-service/main.go: 24 main.init.0"],"level":"error","message":"Key: 'TagListParam.Name' Error:Field validation for 'Name' failed on the 'max' tag","time":1573962620057865000}
2019/11/17 12:23:39 {"callers":["/Users/eddycjy/go-programming-tour-book/blog-service/main.go: 26 main.init.0"],"level":"error","message":"Key: 'TagListParam.State' Error:Field validation for 'State' failed on the 'oneof' tag","time":1573964619778769000}
2019/11/17 12:23:52 {"callers":["/Users/eddycjy/go-programming-tour-book/blog-service/main.go: 26 main.init.0"],"level":"error","message":"Key: 'TagListParam.State' Error:Field validation for 'State' failed on the 'oneof' tag","time":1573964632855597000}
2019/11/17 12:24:27 {"callers":["/Users/eddycjy/go-programming-tour-book/blog-service/main.go: 26 main.init.0"],"level":"error","message":"Key: 'TagListParam.State' Error:Field validation for 'State' failed on the 'oneof' tag","time":1573964667411882000}
2019/11/17 12:24:43 {"callers":["/Users/eddycjy/go-programming-tour-book/blog-service/main.go: 26 main.init.0"],"level":"error","message":"Key: 'TagListParam.State' Error:Field validation for 'State' failed on the 'oneof' tag","time":1573964683909238000}
2019/11/17 12:24:58 {"callers":["/Users/eddycjy/go-programming-tour-book/blog-service/main.go: 26 main.init.0"],"level":"error","message":"Key: 'TagListParam.State' Error:Field validation for 'State' failed on the 'oneof' tag","time":1573964698021442000}
2019/11/17 12:26:19 {"callers":["/Users/eddycjy/go-programming-tour-book/blog-service/main.go: 26 main.init.0"],"level":"error","message":"Key: 'TagListParam.State' Error:Field validation for 'State' failed on the 'oneof' tag","time":1573964779478001000}
2019/11/17 12:40:14 {"callers":["/Users/eddycjy/go-programming-tour-book/blog-service/main.go: 26 main.init.0"],"level":"error","message":"Key: 'TagListParam.State' Error:Field validation for 'State' failed on the 'oneof' tag","time":1573965614526944000}
2019/11/17 14:21:01 {"callers":["/Users/eddycjy/go-programming-tour-book/blog-service/main.go: 26 main.init.0"],"level":"error","message":"Key: 'TagListParam.State' Error:Field validation for 'State' failed on the 'oneof' tag","time":1573971661167050000}
2019/11/17 14:21:56 {"callers":["/Users/eddycjy/go-programming-tour-book/blog-service/main.go: 26 main.init.0"],"level":"error","message":"Key: 'TagListParam.State' Error:Field validation for 'State' failed on the 'oneof' tag","time":1573971716648241000}
2019/11/17 14:22:01 {"callers":["/Users/eddycjy/go-programming-tour-book/blog-service/main.go: 26 main.init.0"],"level":"error","message":"Key: 'TagListParam.State' Error:Field validation for 'State' failed on the 'oneof' tag","time":1573971721576176000}
2019/11/17 14:22:08 {"callers":["/Users/eddycjy/go-programming-tour-book/blog-service/main.go: 26 main.init.0"],"level":"error","message":"Key: 'TagListParam.State' Error:Field validation for 'State' failed on the 'oneof' tag","time":1573971728934002000}
2019/11/17 14:22:21 {"callers":["/Users/eddycjy/go-programming-tour-book/blog-service/main.go: 26 main.init.0"],"level":"error","message":"Key: 'TagListParam.State' Error:Field validation for 'State' failed on the 'oneof' tag","time":1573971741792728000}
2019/11/17 14:26:10 {"callers":["/Users/eddycjy/go-programming-tour-book/blog-service/main.go: 26 main.init.0"],"level":"error","message":"State must be one of [0 1]","time":1573971970777062000}
2019/11/17 14:26:31 {"callers":["/Users/eddycjy/go-programming-tour-book/blog-service/main.go: 26 main.init.0"],"level":"error","message":"Name must be a maximum of 2 characters in length,State must be one of [0 1]","time":1573971991219587000}
2019/11/17 14:26:42 {"callers":["/Users/eddycjy/go-programming-tour-book/blog-service/main.go: 26 main.init.0"],"level":"error","message":"Name长度不能超过2个字符,State必须是[0 1]中的一个","time":1573972002716393000}
2019/11/17 16:39:25 {"callers":["/Users/eddycjy/go-programming-tour-book/blog-service/main.go: 24 main.init.0"],"level":"error","message":"app.BindAndValid errs: %vvalid err: key: TagListParam.State, message: State必须是[0 1]中的一个","time":1573979965451556000}
2019/11/17 16:40:50 {"callers":["/Users/eddycjy/go-programming-tour-book/blog-service/main.go: 24 main.init.0"],"level":"error","message":"app.BindAndValid errs: %vState必须是[0 1]中的一个","time":1573980050910658000}
2019/11/17 16:53:56 {"callers":["/Users/eddycjy/go-programming-tour-book/blog-service/main.go: 24 main.init.0"],"level":"error","message":"app.BindAndValid errs: %vState必须是[0 1]中的一个","time":1573980836387728000}
2019/11/17 16:54:00 {"callers":["/Users/eddycjy/go-programming-tour-book/blog-service/main.go: 24 main.init.0"],"level":"error","message":"app.BindAndValid errs: %vState必须是[0 1]中的一个","time":1573980840899714000}
2019/11/17 16:54:02 {"callers":["/Users/eddycjy/go-programming-tour-book/blog-service/main.go: 24 main.init.0"],"level":"error","message":"app.BindAndValid errs: %vState必须是[0 1]中的一个","time":1573980842610745000}
2019/11/17 16:54:40 {"callers":["/Users/eddycjy/go-programming-tour-book/blog-service/main.go: 24 main.init.0"],"level":"error","message":"app.BindAndValid errs: %vState必须是[0 1]中的一个","time":1573980880552433000}
2019/11/17 16:55:26 {"callers":["/Users/eddycjy/go-programming-tour-book/blog-service/main.go: 24 main.init.0"],"level":"error","message":"app.BindAndValid errs: %vState必须是[0 1]中的一个","time":1573980926101541000}
2019/11/17 16:55:28 {"callers":["/Users/eddycjy/go-programming-tour-book/blog-service/main.go: 24 main.init.0"],"level":"error","message":"app.BindAndValid errs: %vState必须是[0 1]中的一个","time":1573980928739975000}
2019/11/17 16:55:29 {"callers":["/Users/eddycjy/go-programming-tour-book/blog-service/main.go: 24 main.init.0"],"level":"error","message":"app.BindAndValid errs: %vState必须是[0 1]中的一个","time":1573980929973559000}
2019/11/17 16:56:39 {"callers":["/Users/eddycjy/go-programming-tour-book/blog-service/main.go: 24 main.init.0"],"level":"error","message":"app.BindAndValid errs: %vState必须是[0 1]中的一个","time":1573980999595209000}
2019/11/17 16:57:42 {"callers":["/Users/eddycjy/go-programming-tour-book/blog-service/main.go: 24 main.init.0"],"level":"error","message":"app.BindAndValid errs: State必须是[0 1]中的一个","time":1573981062285736000}
2019/11/17 16:58:04 {"callers":["/Users/eddycjy/go-programming-tour-book/blog-service/main.go: 24 main.init.0"],"level":"error","message":"app.BindAndValid errs: Name长度必须至少为3个字符,State必须是[0 1]中的一个","time":1573981084012534000}
2019/11/17 16:58:35 {"callers":["/Users/eddycjy/go-programming-tour-book/blog-service/main.go: 24 main.init.0"],"level":"error","message":"app.BindAndValid errs: Name长度必须至少为3个字符","time":1573981115218390000}
2019/11/17 16:58:37 {"callers":["/Users/eddycjy/go-programming-tour-book/blog-service/main.go: 24 main.init.0"],"level":"error","message":"app.BindAndValid errs: Name长度必须至少为3个字符","time":1573981117370924000}
2019/11/17 16:59:06 {"callers":["/Users/eddycjy/go-programming-tour-book/blog-service/main.go: 24 main.init.0"],"level":"error","message":"app.BindAndValid errs: State必须是[0 1]中的一个","time":1573981146526330000}
2019/11/17 16:59:08 {"callers":["/Users/eddycjy/go-programming-tour-book/blog-service/main.go: 24 main.init.0"],"level":"error","message":"app.BindAndValid errs: State必须是[0 1]中的一个","time":1573981148822670000}
2019/11/17 18:15:22 {"callers":["/Users/eddycjy/go-programming-tour-book/blog-service/main.go: 25 main.init.0"],"level":"error","message":"app.BindAndValid errs: State必须是[0 1]中的一个","time":1573985722732099000}
2019/11/17 18:27:15 {"callers":["/Users/eddycjy/go-programming-tour-book/blog-service/main.go: 25 main.init.0"],"level":"error","message":"app.BindAndValid errs: Name长度必须至少为5个字符","time":1573986435208365000}
2019/11/17 18:43:14 {"callers":["/Users/eddycjy/go-programming-tour-book/blog-service/main.go: 25 main.init.0"],"level":"error","message":"svc.UpdateTag err: Error 1146: Table 'blog_service.blog_' doesn't exist","time":1573987394287693000}
2019/11/17 19:29:04 {"callers":["/Users/eddycjy/go-programming-tour-book/blog-service/main.go: 25 main.init.0"],"level":"error","message":"app.BindAndValid errs: Name长度必须至少为3个字符,State为必填字段,ModifiedBy为必填字段","time":1573990144730277000}
2019/11/17 19:29:32 {"callers":["/Users/eddycjy/go-programming-tour-book/blog-service/main.go: 25 main.init.0"],"level":"error","message":"app.BindAndValid errs: State为必填字段,ModifiedBy为必填字段","time":1573990172802089000}
2019/11/17 19:29:56 {"callers":["/Users/eddycjy/go-programming-tour-book/blog-service/main.go: 25 main.init.0"],"level":"error","message":"svc.UpdateTag err: Error 1146: Table 'blog_service.blog_' doesn't exist","time":1573990196438553000}
2019/11/17 19:33:18 {"callers":["/Users/eddycjy/go-programming-tour-book/blog-service/main.go: 25 main.init.0"],"level":"error","message":"app.BindAndValid errs: ID为必填字段","time":1573990398719828000}
2019/11/17 20:18:19 {"callers":["/Users/eddycjy/go-programming-tour-book/blog-service/main.go: 25 main.init.0"],"level":"error","message":"app.BindAndValid errs: ID为必填字段","time":1573993099055999000}
2019/11/17 20:18:22 {"callers":["/Users/eddycjy/go-programming-tour-book/blog-service/main.go: 25 main.init.0"],"level":"error","message":"app.BindAndValid errs: ID为必填字段","time":1573993102016252000}
2019/11/21 12:55:07 {"callers":["/Users/eddycjy/go-programming-tour-book/blog-service/main.go: 23 main.init.0"],"level":"error","message":"app.BindAndValid errs: State必须是[0 1]中的一个","time":1574312107864083000}
2019/11/21 12:55:23 {"callers":["/Users/eddycjy/go-programming-tour-book/blog-service/main.go: 23 main.init.0"],"level":"error","message":"app.BindAndValid errs: State必须是[0 1]中的一个","time":1574312123903313000}
2019/11/21 12:55:24 {"callers":["/Users/eddycjy/go-programming-tour-book/blog-service/main.go: 23 main.init.0"],"level":"error","message":"app.BindAndValid errs: State必须是[0 1]中的一个","time":1574312124752311000}
2019/11/21 12:55:43 {"callers":["/Users/eddycjy/go-programming-tour-book/blog-service/main.go: 23 main.init.0"],"level":"error","message":"app.BindAndValid errs: State必须是[0 1]中的一个","time":1574312143916047000}
2019/11/21 12:55:53 {"callers":["/Users/eddycjy/go-programming-tour-book/blog-service/main.go: 23 main.init.0"],"level":"error","message":"app.BindAndValid errs: State必须是[0 1]中的一个","time":1574312153705725000}
2019/11/21 12:56:05 {"callers":["/Users/eddycjy/go-programming-tour-book/blog-service/main.go: 23 main.init.0"],"level":"error","message":"app.BindAndValid errs: State必须是[0 1]中的一个","time":1574312165191532000}
2019/11/21 13:01:44 {"callers":["/Users/eddycjy/go-programming-tour-book/blog-service/main.go: 23 main.init.0"],"level":"error","message":"app.BindAndValid errs: ","time":1574312504345566000}
2019/11/21 13:01:49 {"callers":["/Users/eddycjy/go-programming-tour-book/blog-service/main.go: 23 main.init.0"],"level":"error","message":"app.BindAndValid errs: ","time":1574312509352366000}
2019/11/21 13:03:39 {"callers":["/Users/eddycjy/go-programming-tour-book/blog-service/main.go: 23 main.init.0"],"level":"error","message":"app.BindAndValid errs: ","time":1574312619370507000}
2019/11/21 13:03:40 {"callers":["/Users/eddycjy/go-programming-tour-book/blog-service/main.go: 23 main.init.0"],"level":"error","message":"app.BindAndValid errs: ","time":1574312620983320000}
2019/11/21 13:08:32 {"callers":["/Users/eddycjy/go-programming-tour-book/blog-service/main.go: 23 main.init.0"],"level":"error","message":"app.BindAndValid errs: State必须是[0 1]中的一个","time":1574312912755995000}
2019/11/23 15:48:27 {"callers":["/Users/eddycjy/go-programming-tour-book/blog-service/main.go: 23 main.init.0"],"level":"error","message":"app.BindAndValid errs: State为必填字段,ModifiedBy长度必须至少为3个字符,Name长度必须至少为3个字符","time":1574495307527514000}
2019/11/23 15:48:39 {"callers":["/Users/eddycjy/go-programming-tour-book/blog-service/main.go: 23 main.init.0"],"level":"error","message":"app.BindAndValid errs: Name长度必须至少为3个字符,State为必填字段","time":1574495319276806000}
2019/11/23 15:48:51 {"callers":["/Users/eddycjy/go-programming-tour-book/blog-service/main.go: 23 main.init.0"],"level":"error","message":"app.BindAndValid errs: Name长度必须至少为3个字符,State为必填字段","time":1574495331648587000}
2019/11/23 23:55:07 {"callers":["/Users/eddycjy/go-programming-tour-book/blog-service/main.go: 23 main.init.0"],"level":"error","message":"app.BindAndValid errs: Name长度必须至少为2个字符","time":1574524507807362000}
2019/11/24 11:23:36 {"callers":["/Users/eddycjy/go-programming-tour-book/blog-service/main.go: 23 main.init.0"],"level":"error","message":"app.BindAndValid errs: Name为必填字段,State为必填字段","time":1574565816937840000}
2019/11/24 11:35:15 {"callers":["/Users/eddycjy/go-programming-tour-book/blog-service/main.go: 23 main.init.0"],"level":"error","message":"app.BindAndValid errs: Name为必填字段,State为必填字段","time":1574566515266919000}
2019/11/24 11:35:50 {"callers":["/Users/eddycjy/go-programming-tour-book/blog-service/main.go: 23 main.init.0"],"level":"error","message":"app.BindAndValid errs: Name为必填字段,State为必填字段","time":1574566550584054000}
2019/11/24 20:32:37 {"callers":["/Users/eddycjy/go-programming-tour-book/blog-service/main.go: 23 main.init.0"],"level":"error","message":"app.BindAndValid errs: TagIDs为必填字段,CoverImageUrl必须是一个有效的URL","time":1574598757453643000}
2019/11/24 20:32:50 {"callers":["/Users/eddycjy/go-programming-tour-book/blog-service/main.go: 23 main.init.0"],"level":"error","message":"app.BindAndValid errs: TagIDs为必填字段,CoverImageUrl必须是一个有效的URL","time":1574598770023127000}
2019/11/24 20:32:59 {"callers":["/Users/eddycjy/go-programming-tour-book/blog-service/main.go: 23 main.init.0"],"level":"error","message":"app.BindAndValid errs: ","time":1574598779697757000}
2019/11/24 20:33:10 {"callers":["/Users/eddycjy/go-programming-tour-book/blog-service/main.go: 23 main.init.0"],"level":"error","message":"app.BindAndValid errs: CoverImageUrl必须是一个有效的URL","time":1574598790878993000}
